# JRE version: Java(TM) SE Runtime Environment (9.0+11) (build 9.0.4+11)
# Java VM: Java HotSpot(TM) 64-Bit Server VM (9.0.4+11, mixed mode, tiered, compressed oops, g1 gc, linux-amd64)
Heap:
 garbage-first heap   total 524288K, used 47597K [0x00000006c0000000, 0x00000006c0101000, 0x00000007c0000000)
  region size 1024K, 14 young (14336K), 11 survivors (11264K)
 Metaspace       used 20384K, capacity 21828K, committed 22144K, reserved 1069056K
  class space    used 1936K, capacity 2338K, committed 2432K, reserved 1048576K
GC Heap History (10 events):
Event: 18.959 GC heap before
{Heap before GC invocations=1 (full 0):
 garbage-first heap   total 524288K, used 189040K [0x00000006c0000000, 0x00000006c0101000, 0x00000007c0000000)
  region size 1024K, 182 young (186368K), 4 survivors (4096K)
 Metaspace       used 13811K, capacity 14190K, committed 14464K, reserved 1062912K
  class space    used 1292K, capacity 1351K, committed 1408K, reserved 1048576K
}
Event: 18.985 GC heap after
{Heap after GC invocations=2 (full 0):
 garbage-first heap   total 524288K, used 55888K [0x00000006c0000000, 0x00000006c0101000, 0x00000007c0000000)
  region size 1024K, 23 young (23552K), 23 survivors (23552K)
 Metaspace       used 13811K, capacity 14190K, committed 14464K, reserved 1062912K
  class space    used 1292K, capacity 1351K, committed 1408K, reserved 1048576K
}
Event: 19.187 GC heap before
{Heap before GC invocations=2 (full 0):
 garbage-first heap   total 524288K, used 68176K [0x00000006c0000000, 0x00000006c0101000, 0x00000007c0000000)
  region size 1024K, 35 young (35840K), 23 survivors (23552K)
 Metaspace       used 14908K, capacity 15606K, committed 15744K, reserved 1062912K
  class space    used 1394K, capacity 1543K, committed 1664K, reserved 1048576K
}
Event: 19.207 GC heap after
{Heap after GC invocations=3 (full 0):
 garbage-first heap   total 524288K, used 51122K [0x00000006c0000000, 0x00000006c0101000, 0x00000007c0000000)
  region size 1024K, 5 young (5120K), 5 survivors (5120K)
 Metaspace       used 14908K, capacity 15606K, committed 15744K, reserved 1062912K
  class space    used 1394K, capacity 1543K, committed 1664K, reserved 1048576K
}
Event: 19.756 GC heap before
{Heap before GC invocations=3 (full 0):
 garbage-first heap   total 524288K, used 71602K [0x00000006c0000000, 0x00000006c0101000, 0x00000007c0000000)
  region size 1024K, 25 young (25600K), 5 survivors (5120K)
 Metaspace       used 17574K, capacity 18722K, committed 18816K, reserved 1067008K
  class space    used 1675K, capacity 1892K, committed 1920K, reserved 1048576K
}
Event: 19.760 GC heap after
{Heap after GC invocations=4 (full 0):
 garbage-first heap   total 524288K, used 55514K [0x00000006c0000000, 0x00000006c0101000, 0x00000007c0000000)
  region size 1024K, 4 young (4096K), 4 survivors (4096K)
 Metaspace       used 17574K, capacity 18722K, committed 18816K, reserved 1067008K
  class space    used 1675K, capacity 1892K, committed 1920K, reserved 1048576K
}
Event: 20.011 GC heap before
{Heap before GC invocations=4 (full 0):
 garbage-first heap   total 524288K, used 77018K [0x00000006c0000000, 0x00000006c0101000, 0x00000007c0000000)
  region size 1024K, 25 young (25600K), 4 survivors (4096K)
 Metaspace       used 17705K, capacity 18850K, committed 19072K, reserved 1067008K
  class space    used 1675K, capacity 1892K, committed 1920K, reserved 1048576K
}
Event: 20.016 GC heap after
{Heap after GC invocations=5 (full 0):
 garbage-first heap   total 524288K, used 60084K [0x00000006c0000000, 0x00000006c0101000, 0x00000007c0000000)
  region size 1024K, 4 young (4096K), 4 survivors (4096K)
 Metaspace       used 17705K, capacity 18850K, committed 19072K, reserved 1067008K
  class space    used 1675K, capacity 1892K, committed 1920K, reserved 1048576K
}
Event: 20.884 GC heap before
{Heap before GC invocations=5 (full 0):
 garbage-first heap   total 524288K, used 100020K [0x00000006c0000000, 0x00000006c0101000, 0x00000007c0000000)
  region size 1024K, 43 young (44032K), 4 survivors (4096K)
 Metaspace       used 19683K, capacity 21142K, committed 21248K, reserved 1069056K
  class space    used 1847K, capacity 2217K, committed 2304K, reserved 1048576K
}
Event: 20.891 GC heap after
{Heap after GC invocations=6 (full 0):
 garbage-first heap   total 524288K, used 69101K [0x00000006c0000000, 0x00000006c0101000, 0x00000007c0000000)
  region size 1024K, 11 young (11264K), 11 survivors (11264K)
 Metaspace       used 19683K, capacity 21142K, committed 21248K, reserved 1069056K
  class space    used 1847K, capacity 2217K, committed 2304K, reserved 1048576K
}

